\BOOKMARK [1][-]{toc.1}{\376\377\000\315\000n\000d\000i\000c\000e}{}% 1
\BOOKMARK [1][-]{section.1}{\376\377\0001\000\040\000I\000n\000t\000r\000o\000d\000u\000c\000c\000i\000\363\000n}{}% 2
\BOOKMARK [2][-]{subsection.1.1}{\376\377\0001\000.\0001\000\040\000D\000a\000t\000o\000s\000\040\000d\000e\000l\000\040\000p\000r\000o\000b\000l\000e\000m\000a}{section.1}% 3
\BOOKMARK [1][-]{section.2}{\376\377\0002\000\040\000O\000r\000g\000a\000n\000i\000z\000a\000c\000i\000\363\000n\000\040\000d\000e\000l\000\040\000p\000r\000o\000y\000e\000c\000t\000o}{}% 4
\BOOKMARK [1][-]{section.3}{\376\377\0003\000\040\000F\000o\000r\000m\000u\000l\000a\000c\000i\000\363\000n\000\040\000m\000a\000t\000e\000m\000\341\000t\000i\000c\000a}{}% 5
\BOOKMARK [2][-]{subsection.3.1}{\376\377\0003\000.\0001\000\040\000A\000p\000a\000r\000t\000a\000d\000o\000\040\000A\000\040\040\024\000\040\000M\000o\000d\000e\000l\000o\000\040\000b\000a\000s\000e}{section.3}% 6
\BOOKMARK [3][-]{subsubsection.3.1.1}{\376\377\0003\000.\0001\000.\0001\000\040\000C\000o\000n\000j\000u\000n\000t\000o\000s}{subsection.3.1}% 7
\BOOKMARK [3][-]{subsubsection.3.1.2}{\376\377\0003\000.\0001\000.\0002\000\040\000P\000a\000r\000\341\000m\000e\000t\000r\000o\000s}{subsection.3.1}% 8
\BOOKMARK [3][-]{subsubsection.3.1.3}{\376\377\0003\000.\0001\000.\0003\000\040\000V\000a\000r\000i\000a\000b\000l\000e\000s\000\040\000d\000e\000\040\000d\000e\000c\000i\000s\000i\000\363\000n}{subsection.3.1}% 9
\BOOKMARK [3][-]{subsubsection.3.1.4}{\376\377\0003\000.\0001\000.\0004\000\040\000F\000u\000n\000c\000i\000\363\000n\000\040\000o\000b\000j\000e\000t\000i\000v\000o}{subsection.3.1}% 10
\BOOKMARK [3][-]{subsubsection.3.1.5}{\376\377\0003\000.\0001\000.\0005\000\040\000R\000e\000s\000t\000r\000i\000c\000c\000i\000o\000n\000e\000s}{subsection.3.1}% 11
\BOOKMARK [3][-]{subsubsection.3.1.6}{\376\377\0003\000.\0001\000.\0006\000\040\000J\000u\000s\000t\000i\000f\000i\000c\000a\000c\000i\000\363\000n\000\040\000d\000e\000\040\000l\000a\000\040\000r\000e\000s\000t\000r\000i\000c\000c\000i\000\363\000n\000\040\000d\000e\000\040\000d\000e\000t\000e\000c\000c\000i\000\363\000n}{subsection.3.1}% 12
\BOOKMARK [3][-]{subsubsection.3.1.7}{\376\377\0003\000.\0001\000.\0007\000\040\000N\000a\000t\000u\000r\000a\000l\000e\000z\000a\000\040\000d\000e\000l\000\040\000p\000r\000o\000b\000l\000e\000m\000a}{subsection.3.1}% 13
\BOOKMARK [2][-]{subsection.3.2}{\376\377\0003\000.\0002\000\040\000A\000p\000a\000r\000t\000a\000d\000o\000\040\000B\000\040\040\024\000\040\000R\000e\000s\000t\000r\000i\000c\000c\000i\000\363\000n\000\040\000d\000e\000\040\000s\000e\000p\000a\000r\000a\000c\000i\000\363\000n}{section.3}% 14
\BOOKMARK [3][-]{subsubsection.3.2.1}{\376\377\0003\000.\0002\000.\0001\000\040\000C\000o\000n\000j\000u\000n\000t\000o\000\040\000a\000d\000i\000c\000i\000o\000n\000a\000l}{subsection.3.2}% 15
\BOOKMARK [3][-]{subsubsection.3.2.2}{\376\377\0003\000.\0002\000.\0002\000\040\000R\000e\000s\000t\000r\000i\000c\000c\000i\000\363\000n\000\040\000a\000d\000i\000c\000i\000o\000n\000a\000l}{subsection.3.2}% 16
\BOOKMARK [1][-]{section.4}{\376\377\0004\000\040\000P\000r\000e\000p\000r\000o\000c\000e\000s\000a\000d\000o\000\040\000e\000n\000\040\000P\000y\000t\000h\000o\000n}{}% 17
\BOOKMARK [2][-]{subsection.4.1}{\376\377\0004\000.\0001\000\040\000P\000a\000r\000s\000e\000r\000\040\000y\000\040\000g\000e\000n\000e\000r\000a\000c\000i\000\363\000n\000\040\000d\000e\000l\000\040\000.\000d\000a\000t}{section.4}% 18
\BOOKMARK [2][-]{subsection.4.2}{\376\377\0004\000.\0002\000\040\000V\000e\000r\000i\000f\000i\000c\000a\000c\000i\000\363\000n\000\040\000d\000e\000\040\000c\000o\000n\000f\000l\000i\000c\000t\000o\000s\000\040\000e\000n\000t\000r\000e\000\040\000n\000o\000d\000o\000s\000\040\000f\000i\000j\000o\000s}{section.4}% 19
\BOOKMARK [1][-]{section.5}{\376\377\0005\000\040\000I\000m\000p\000l\000e\000m\000e\000n\000t\000a\000c\000i\000\363\000n\000\040\000e\000n\000\040\000A\000M\000P\000L}{}% 20
\BOOKMARK [2][-]{subsection.5.1}{\376\377\0005\000.\0001\000\040\000E\000l\000e\000c\000c\000i\000\363\000n\000\040\000d\000e\000l\000\040\000s\000o\000l\000v\000e\000r}{section.5}% 21
\BOOKMARK [2][-]{subsection.5.2}{\376\377\0005\000.\0002\000\040\000F\000i\000c\000h\000e\000r\000o\000\040\000d\000e\000\040\000d\000a\000t\000o\000s\000\040\000u\000n\000i\000f\000i\000c\000a\000d\000o}{section.5}% 22
\BOOKMARK [2][-]{subsection.5.3}{\376\377\0005\000.\0003\000\040\000M\000o\000d\000e\000l\000o\000\040\000d\000e\000l\000\040\000a\000p\000a\000r\000t\000a\000d\000o\000\040\000A\000\040\000\050\000p\000r\000a\000c\000t\000i\000c\000a\0002\000\137\000a\000.\000m\000o\000d\000\051}{section.5}% 23
\BOOKMARK [2][-]{subsection.5.4}{\376\377\0005\000.\0004\000\040\000M\000o\000d\000e\000l\000o\000\040\000d\000e\000l\000\040\000a\000p\000a\000r\000t\000a\000d\000o\000\040\000B\000\040\000\050\000p\000r\000a\000c\000t\000i\000c\000a\0002\000\137\000b\000.\000m\000o\000d\000\051}{section.5}% 24
\BOOKMARK [2][-]{subsection.5.5}{\376\377\0005\000.\0005\000\040\000F\000i\000c\000h\000e\000r\000o\000s\000\040\000.\000r\000u\000n}{section.5}% 25
\BOOKMARK [1][-]{section.6}{\376\377\0006\000\040\000R\000e\000s\000u\000l\000t\000a\000d\000o\000s}{}% 26
\BOOKMARK [2][-]{subsection.6.1}{\376\377\0006\000.\0001\000\040\000R\000e\000s\000u\000m\000e\000n\000\040\000g\000e\000n\000e\000r\000a\000l}{section.6}% 27
\BOOKMARK [2][-]{subsection.6.2}{\376\377\0006\000.\0002\000\040\000S\000e\000n\000s\000o\000r\000e\000s\000\040\000s\000e\000l\000e\000c\000c\000i\000o\000n\000a\000d\000o\000s}{section.6}% 28
\BOOKMARK [3][-]{subsubsection.6.2.1}{\376\377\0006\000.\0002\000.\0001\000\040\000A\000n\000\341\000l\000i\000s\000i\000s\000\040\000c\000o\000m\000p\000a\000r\000a\000t\000i\000v\000o\000\040\000d\000e\000\040\000l\000o\000s\000\040\000s\000e\000n\000s\000o\000r\000e\000s}{subsection.6.2}% 29
\BOOKMARK [2][-]{subsection.6.3}{\376\377\0006\000.\0003\000\040\000C\000a\000m\000i\000n\000o\000s\000\040\000d\000e\000t\000e\000c\000t\000a\000d\000o\000s}{section.6}% 30
\BOOKMARK [2][-]{subsection.6.4}{\376\377\0006\000.\0004\000\040\000D\000o\000m\000i\000n\000a\000n\000c\000i\000a\000\040\000d\000e\000l\000\040\000c\000a\000m\000i\000n\000o\000\040\0001\0005\0001\0003}{section.6}% 31
\BOOKMARK [1][-]{section.7}{\376\377\0007\000\040\000V\000e\000r\000i\000f\000i\000c\000a\000c\000i\000\363\000n\000\040\000d\000e\000\040\000c\000o\000h\000e\000r\000e\000n\000c\000i\000a}{}% 32
\BOOKMARK [1][-]{section.8}{\376\377\0008\000\040\000C\000o\000n\000c\000l\000u\000s\000i\000o\000n\000e\000s}{}% 33
